Arguments: 
  C:\Program Files\nodejs\node.exe C:\Program Files\nodejs\node_modules\yarn\bin\yarn.js add @types/mobx

PATH: 
  C:\ProgramData\DockerDesktop\version-bin;C:\Program Files\Docker\Docker\Resources\bin;C:\Python27\;C:\Python27\Scripts;C:\Python37\Scripts\;C:\Python37\;C:\WINDOWS\system32;C:\WINDOWS;C:\WINDOWS\System32\Wbem;C:\WINDOWS\System32\WindowsPowerShell\v1.0\;C:\WINDOWS\System32\OpenSSH\;C:\ProgramData\chocolatey\bin;C:\ProgramData\nvm;C:\Program Files\nodejs;C:\Program Files\Git\cmd;C:\Program Files\Java\jdk1.8.0_191\bin;;C:\Program Files\Microsoft VS Code\bin;C:\Program Files\PowerShell\6\;C:\Program Files\Amazon\AWSCLI\bin\;C:\Program Files\nodejs\;C:\Users\wguim\scoop\apps\nvm\current\nodejs\nodejs;C:\Users\wguim\scoop\apps\nodejs\current\bin;C:\Users\wguim\scoop\apps\nodejs\current;C:\Users\wguim\scoop\shims;C:\Users\wguim\AppData\Local\Microsoft\WindowsApps;C:\Program Files\JetBrains\DataGrip 2018.3\bin;C:\Program Files\JetBrains\IntelliJ IDEA 2018.3.1\bin;C:\Program Files\JetBrains\WebStorm 2018.3.1\bin;C:\Program Files\heroku\bin;C:\Users\wguim\AppData\Local\Microsoft\WindowsApps;C:\Users\wguim\AppData\Roaming\npm;;C:\Program Files\JetBrains\WebStorm 2019.2x\bin;

Yarn version: 
  1.12.3

Node version: 
  12.6.0

Platform: 
  win32 x64

Trace: 
  Error: https://registry.yarnpkg.com/@types%2fmobx: Not found
      at Request.params.callback [as _callback] (C:\ProgramData\nvm\v11.3.0\node_modules\yarn\lib\cli.js:65894:18)
      at Request.self.callback (C:\ProgramData\nvm\v11.3.0\node_modules\yarn\lib\cli.js:129018:22)
      at Request.emit (events.js:203:13)
      at Request.<anonymous> (C:\ProgramData\nvm\v11.3.0\node_modules\yarn\lib\cli.js:129990:10)
      at Request.emit (events.js:203:13)
      at IncomingMessage.<anonymous> (C:\ProgramData\nvm\v11.3.0\node_modules\yarn\lib\cli.js:129912:12)
      at Object.onceWrapper (events.js:291:20)
      at IncomingMessage.emit (events.js:208:15)
      at endReadableNT (_stream_readable.js:1154:12)
      at processTicksAndRejections (internal/process/task_queues.js:77:11)

npm manifest: 
  {
    "name": "mobx-raw",
    "version": "1.0.0",
    "description": "",
    "main": "index.js",
    "scripts": {
      "test": "echo \"Error: no test specified\" && exit 1"
    },
    "author": "",
    "license": "ISC",
    "peerDependencies": {
      "mobx": "^5.13.0"
    },
    "devDependencies": {
      "mobx": "^5.13.0"
    }
  }

yarn manifest: 
  No manifest

Lockfile: 
  # THIS IS AN AUTOGENERATED FILE. DO NOT EDIT THIS FILE DIRECTLY.
  # yarn lockfile v1
  
  
  mobx@^5.13.0:
    version "5.13.0"
    resolved "https://registry.yarnpkg.com/mobx/-/mobx-5.13.0.tgz#0fd68f10aa5ff2d146a4ed9e145b53337cfbca59"
    integrity sha512-eSAntMSMNj0PFL705rgv+aB/z1RjNqDnFEpBe18yQVreXTWiVgIrmBUXzjnJfuba+eo4eAk6zi+/gXQkSUea8A==
